<?xml version="1.0" encoding="UTF-8"?>
<testng-results skipped="0" failed="0" ignored="0" total="1" passed="1">
  <reporter-output>
  </reporter-output>
  <suite name="com.knacksystems.driverfactory.AppTest" duration-ms="171170" started-at="2019-11-20T15:04:27Z" finished-at="2019-11-20T15:07:18Z">
    <groups>
    </groups>
    <test name="Command line test" duration-ms="171170" started-at="2019-11-20T15:04:27Z" finished-at="2019-11-20T15:07:18Z">
      <class name="com.knacksystems.driverfactory.AppTest">
        <test-method status="PASS" signature="kickStart()[pri:0, instance:com.knacksystems.driverfactory.AppTest@2669b199]" name="kickStart" duration-ms="171138" started-at="2019-11-20T15:04:27Z" finished-at="2019-11-20T15:07:18Z">
          <reporter-output>
          </reporter-output>
        </test-method> <!-- kickStart -->
      </class> <!-- com.knacksystems.driverfactory.AppTest -->
    </test> <!-- Command line test -->
  </suite> <!-- com.knacksystems.driverfactory.AppTest -->
</testng-results>
